{"timestamp": "2026-03-07T20:47:26.641796+00:00", "agent": "Janitor", "action": "list_raw", "path": "count=4", "success": true, "detail": ""}
{"timestamp": "2026-03-07T20:47:26.642626+00:00", "agent": "Janitor", "action": "read_only", "path": "911_Calls.csv", "success": true, "detail": ""}
{"timestamp": "2026-03-07T20:47:26.660640+00:00", "agent": "Janitor", "action": "write_processed", "path": "911_Calls.csv", "success": true, "detail": ""}
{"timestamp": "2026-03-07T20:47:26.661010+00:00", "agent": "Janitor", "action": "remove_raw", "path": "911_Calls.csv", "success": true, "detail": ""}
{"timestamp": "2026-03-07T20:47:26.823245+00:00", "agent": "Janitor", "action": "read_only", "path": "Business_License.csv", "success": true, "detail": ""}
{"timestamp": "2026-03-07T20:47:33.855513+00:00", "agent": "Janitor", "action": "write_processed", "path": "Business_License.csv", "success": true, "detail": ""}
{"timestamp": "2026-03-07T20:47:33.864452+00:00", "agent": "Janitor", "action": "remove_raw", "path": "Business_License.csv", "success": true, "detail": ""}
{"timestamp": "2026-03-07T20:47:33.903132+00:00", "agent": "Janitor", "action": "read_only", "path": "City of Montgomery - Open Data Portal.csv", "success": true, "detail": ""}
{"timestamp": "2026-03-07T20:47:33.920527+00:00", "agent": "Janitor", "action": "write_processed", "path": "City of Montgomery - Open Data Portal.csv", "success": true, "detail": ""}
{"timestamp": "2026-03-07T20:47:33.920705+00:00", "agent": "Janitor", "action": "remove_raw", "path": "City of Montgomery - Open Data Portal.csv", "success": true, "detail": ""}
{"timestamp": "2026-03-07T20:47:34.059682+00:00", "agent": "Janitor", "action": "read_only", "path": "Received_311_Service_Request.csv", "success": true, "detail": ""}
{"timestamp": "2026-03-07T20:47:42.732661+00:00", "agent": "Janitor", "action": "write_processed", "path": "Received_311_Service_Request.csv", "success": true, "detail": ""}
{"timestamp": "2026-03-07T20:47:42.741492+00:00", "agent": "Janitor", "action": "remove_raw", "path": "Received_311_Service_Request.csv", "success": true, "detail": ""}
{"timestamp": "2026-03-07T20:47:42.794976+00:00", "agent": "Analyst", "action": "write_inference", "path": "hotspot_analysis.json", "success": true, "detail": ""}
{"timestamp": "2026-03-07T20:47:42.795141+00:00", "agent": "Orchestrator", "action": "read_inference", "path": "hotspot_analysis.json", "success": true, "detail": ""}
{"timestamp": "2026-03-07T20:47:42.795591+00:00", "agent": "Observer", "action": "read_inference", "path": "hotspot_analysis.json", "success": true, "detail": ""}
{"timestamp": "2026-03-07T20:47:42.796285+00:00", "agent": "Observer", "action": "write_inference", "path": "final_vibe_check.json", "success": true, "detail": ""}
{"timestamp": "2026-03-07T20:47:42.796709+00:00", "agent": "Orchestrator", "action": "write_inference", "path": "cityblitz_priority_roadmap.json", "success": true, "detail": ""}
{"timestamp": "2026-03-07T20:57:43.653559+00:00", "agent": "Janitor", "action": "list_raw", "path": "count=0", "success": true, "detail": ""}
{"timestamp": "2026-03-07T21:00:30.633785+00:00", "agent": "Janitor", "action": "list_raw", "path": "count=4", "success": true, "detail": ""}
{"timestamp": "2026-03-07T21:00:30.634146+00:00", "agent": "Janitor", "action": "read_only", "path": "911_Calls.csv", "success": true, "detail": ""}
{"timestamp": "2026-03-07T21:00:30.649285+00:00", "agent": "Janitor", "action": "write_processed", "path": "911_Calls.csv", "success": true, "detail": ""}
{"timestamp": "2026-03-07T21:00:30.649757+00:00", "agent": "Janitor", "action": "remove_raw", "path": "911_Calls.csv", "success": true, "detail": ""}
{"timestamp": "2026-03-07T21:00:31.396629+00:00", "agent": "Janitor", "action": "read_only", "path": "Business_License.csv", "success": true, "detail": ""}
{"timestamp": "2026-03-07T21:00:38.937911+00:00", "agent": "Janitor", "action": "write_processed", "path": "Business_License.csv", "success": true, "detail": ""}
{"timestamp": "2026-03-07T21:00:38.955630+00:00", "agent": "Janitor", "action": "remove_raw", "path": "Business_License.csv", "success": true, "detail": ""}
{"timestamp": "2026-03-07T21:00:39.493984+00:00", "agent": "Janitor", "action": "read_only", "path": "City of Montgomery - Open Data Portal.csv", "success": true, "detail": ""}
{"timestamp": "2026-03-07T21:00:39.520767+00:00", "agent": "Janitor", "action": "write_processed", "path": "City of Montgomery - Open Data Portal.csv", "success": true, "detail": ""}
{"timestamp": "2026-03-07T21:00:39.521197+00:00", "agent": "Janitor", "action": "remove_raw", "path": "City of Montgomery - Open Data Portal.csv", "success": true, "detail": ""}
{"timestamp": "2026-03-07T21:00:40.125361+00:00", "agent": "Janitor", "action": "read_only", "path": "Received_311_Service_Request.csv", "success": true, "detail": ""}
{"timestamp": "2026-03-07T21:00:51.569505+00:00", "agent": "Janitor", "action": "write_processed", "path": "Received_311_Service_Request.csv", "success": true, "detail": ""}
{"timestamp": "2026-03-07T21:00:51.580047+00:00", "agent": "Janitor", "action": "remove_raw", "path": "Received_311_Service_Request.csv", "success": true, "detail": ""}
{"timestamp": "2026-03-07T21:00:51.982180+00:00", "agent": "Analyst", "action": "write_inference", "path": "hotspot_analysis.json", "success": true, "detail": ""}
{"timestamp": "2026-03-07T21:00:51.982374+00:00", "agent": "Orchestrator", "action": "read_inference", "path": "hotspot_analysis.json", "success": true, "detail": ""}
{"timestamp": "2026-03-07T21:00:51.982761+00:00", "agent": "Observer", "action": "read_inference", "path": "hotspot_analysis.json", "success": true, "detail": ""}
{"timestamp": "2026-03-07T21:00:55.366473+00:00", "agent": "Observer", "action": "write_inference", "path": "final_vibe_check.json", "success": true, "detail": ""}
{"timestamp": "2026-03-07T21:00:55.367615+00:00", "agent": "Orchestrator", "action": "write_inference", "path": "cityblitz_priority_roadmap.json", "success": true, "detail": ""}
{"timestamp": "2026-03-07T21:01:24.066107+00:00", "agent": "Janitor", "action": "list_raw", "path": "count=0", "success": true, "detail": ""}
{"timestamp": "2026-03-07T21:01:33.549150+00:00", "agent": "Janitor", "action": "list_raw", "path": "count=1", "success": true, "detail": ""}
{"timestamp": "2026-03-07T21:01:33.775437+00:00", "agent": "Janitor", "action": "read_only", "path": "Received_311_Service_Request.csv", "success": true, "detail": ""}
{"timestamp": "2026-03-07T21:01:45.757989+00:00", "agent": "Janitor", "action": "write_processed", "path": "Received_311_Service_Request.csv", "success": true, "detail": ""}
{"timestamp": "2026-03-07T21:01:45.769930+00:00", "agent": "Janitor", "action": "remove_raw", "path": "Received_311_Service_Request.csv", "success": true, "detail": ""}
{"timestamp": "2026-03-07T21:01:46.256685+00:00", "agent": "Analyst", "action": "write_inference", "path": "hotspot_analysis.json", "success": true, "detail": ""}
{"timestamp": "2026-03-07T21:01:46.256915+00:00", "agent": "Orchestrator", "action": "read_inference", "path": "hotspot_analysis.json", "success": true, "detail": ""}
{"timestamp": "2026-03-07T21:01:46.257451+00:00", "agent": "Observer", "action": "read_inference", "path": "hotspot_analysis.json", "success": true, "detail": ""}
{"timestamp": "2026-03-07T21:01:49.528644+00:00", "agent": "Observer", "action": "write_inference", "path": "final_vibe_check.json", "success": true, "detail": ""}
{"timestamp": "2026-03-07T21:01:49.530224+00:00", "agent": "Orchestrator", "action": "write_inference", "path": "cityblitz_priority_roadmap.json", "success": true, "detail": ""}
{"timestamp": "2026-03-07T21:03:20.553217+00:00", "agent": "Janitor", "action": "list_raw", "path": "count=0", "success": true, "detail": ""}
{"timestamp": "2026-03-07T21:03:54.453762+00:00", "agent": "Janitor", "action": "list_raw", "path": "count=0", "success": true, "detail": ""}
{"timestamp": "2026-03-07T21:03:54.456094+00:00", "agent": "Analyst", "action": "write_inference", "path": "hotspot_analysis.json", "success": true, "detail": ""}
{"timestamp": "2026-03-07T21:03:54.456533+00:00", "agent": "Orchestrator", "action": "read_inference", "path": "hotspot_analysis.json", "success": true, "detail": ""}
{"timestamp": "2026-03-07T21:03:54.457557+00:00", "agent": "Observer", "action": "read_inference", "path": "hotspot_analysis.json", "success": true, "detail": ""}
{"timestamp": "2026-03-07T21:04:01.109182+00:00", "agent": "Observer", "action": "write_inference", "path": "final_vibe_check.json", "success": true, "detail": ""}
{"timestamp": "2026-03-07T21:04:01.110667+00:00", "agent": "Orchestrator", "action": "write_inference", "path": "cityblitz_priority_roadmap.json", "success": true, "detail": ""}
{"timestamp": "2026-03-07T21:06:21.566807+00:00", "agent": "Janitor", "action": "list_raw", "path": "count=0", "success": true, "detail": ""}
{"timestamp": "2026-03-07T21:06:21.569280+00:00", "agent": "Analyst", "action": "write_inference", "path": "hotspot_analysis.json", "success": true, "detail": ""}
{"timestamp": "2026-03-07T21:06:21.569716+00:00", "agent": "Orchestrator", "action": "read_inference", "path": "hotspot_analysis.json", "success": true, "detail": ""}
{"timestamp": "2026-03-07T21:06:21.570709+00:00", "agent": "Observer", "action": "read_inference", "path": "hotspot_analysis.json", "success": true, "detail": ""}
{"timestamp": "2026-03-07T21:06:28.566614+00:00", "agent": "Observer", "action": "write_inference", "path": "final_vibe_check.json", "success": true, "detail": ""}
{"timestamp": "2026-03-07T21:06:28.567915+00:00", "agent": "Orchestrator", "action": "write_inference", "path": "cityblitz_priority_roadmap.json", "success": true, "detail": ""}
{"timestamp": "2026-03-07T21:24:33.249886+00:00", "agent": "Janitor", "action": "list_raw", "path": "count=0", "success": true, "detail": ""}
{"timestamp": "2026-03-07T21:24:33.252396+00:00", "agent": "Analyst", "action": "write_inference", "path": "hotspot_analysis.json", "success": true, "detail": ""}
{"timestamp": "2026-03-07T21:24:33.252759+00:00", "agent": "Orchestrator", "action": "read_inference", "path": "hotspot_analysis.json", "success": true, "detail": ""}
{"timestamp": "2026-03-07T21:24:33.253662+00:00", "agent": "Observer", "action": "read_inference", "path": "hotspot_analysis.json", "success": true, "detail": ""}
{"timestamp": "2026-03-07T21:24:39.068402+00:00", "agent": "Observer", "action": "write_inference", "path": "final_vibe_check.json", "success": true, "detail": ""}
{"timestamp": "2026-03-07T21:24:39.069821+00:00", "agent": "Orchestrator", "action": "write_inference", "path": "cityblitz_priority_roadmap.json", "success": true, "detail": ""}
{"timestamp": "2026-03-07T21:25:05.564343+00:00", "agent": "Janitor", "action": "list_raw", "path": "count=0", "success": true, "detail": ""}
{"timestamp": "2026-03-07T21:25:05.566814+00:00", "agent": "Analyst", "action": "write_inference", "path": "hotspot_analysis.json", "success": true, "detail": ""}
{"timestamp": "2026-03-07T21:25:05.567178+00:00", "agent": "Orchestrator", "action": "read_inference", "path": "hotspot_analysis.json", "success": true, "detail": ""}
{"timestamp": "2026-03-07T21:25:05.568042+00:00", "agent": "Observer", "action": "read_inference", "path": "hotspot_analysis.json", "success": true, "detail": ""}
{"timestamp": "2026-03-07T21:25:12.082418+00:00", "agent": "Observer", "action": "write_inference", "path": "final_vibe_check.json", "success": true, "detail": ""}
{"timestamp": "2026-03-07T21:25:12.083752+00:00", "agent": "Orchestrator", "action": "write_inference", "path": "cityblitz_priority_roadmap.json", "success": true, "detail": ""}
{"timestamp": "2026-03-07T21:39:31.087843+00:00", "agent": "Janitor", "action": "list_raw", "path": "count=0", "success": true, "detail": ""}
{"timestamp": "2026-03-07T21:39:31.090172+00:00", "agent": "Analyst", "action": "write_inference", "path": "hotspot_analysis.json", "success": true, "detail": ""}
{"timestamp": "2026-03-07T21:39:31.090566+00:00", "agent": "Orchestrator", "action": "read_inference", "path": "hotspot_analysis.json", "success": true, "detail": ""}
{"timestamp": "2026-03-07T21:39:31.091471+00:00", "agent": "Observer", "action": "read_inference", "path": "hotspot_analysis.json", "success": true, "detail": ""}
{"timestamp": "2026-03-07T21:39:37.867775+00:00", "agent": "Observer", "action": "write_inference", "path": "final_vibe_check.json", "success": true, "detail": ""}
{"timestamp": "2026-03-07T21:39:37.868942+00:00", "agent": "Orchestrator", "action": "write_inference", "path": "cityblitz_priority_roadmap.json", "success": true, "detail": ""}
{"timestamp": "2026-03-07T21:39:37.869528+00:00", "agent": "Impact", "action": "read_inference", "path": "cityblitz_priority_roadmap.json", "success": false, "detail": "agent not in allowed list"}
{"timestamp": "2026-03-07T21:40:12.691983+00:00", "agent": "Impact", "action": "read_inference", "path": "cityblitz_priority_roadmap.json", "success": true, "detail": ""}
{"timestamp": "2026-03-07T21:40:12.692723+00:00", "agent": "Impact", "action": "read_processed", "path": "911_Calls.csv", "success": true, "detail": ""}
{"timestamp": "2026-03-07T21:40:12.709238+00:00", "agent": "Impact", "action": "write_inference", "path": "impact_prediction.json", "success": true, "detail": ""}
{"timestamp": "2026-03-07T21:44:25.521576+00:00", "agent": "Janitor", "action": "list_raw", "path": "count=0", "success": true, "detail": ""}
{"timestamp": "2026-03-07T21:44:25.524165+00:00", "agent": "Analyst", "action": "write_inference", "path": "hotspot_analysis.json", "success": true, "detail": ""}
{"timestamp": "2026-03-07T21:44:25.524602+00:00", "agent": "Orchestrator", "action": "read_inference", "path": "hotspot_analysis.json", "success": true, "detail": ""}
{"timestamp": "2026-03-07T21:44:25.525554+00:00", "agent": "Observer", "action": "read_inference", "path": "hotspot_analysis.json", "success": true, "detail": ""}
{"timestamp": "2026-03-07T21:44:29.607836+00:00", "agent": "Observer", "action": "write_inference", "path": "final_vibe_check.json", "success": true, "detail": ""}
{"timestamp": "2026-03-07T21:44:29.609561+00:00", "agent": "Orchestrator", "action": "write_inference", "path": "cityblitz_priority_roadmap.json", "success": true, "detail": ""}
{"timestamp": "2026-03-07T21:44:29.610255+00:00", "agent": "Impact", "action": "read_inference", "path": "cityblitz_priority_roadmap.json", "success": true, "detail": ""}
{"timestamp": "2026-03-07T21:44:29.610815+00:00", "agent": "Impact", "action": "read_processed", "path": "911_Calls.csv", "success": true, "detail": ""}
{"timestamp": "2026-03-07T21:44:29.626882+00:00", "agent": "Impact", "action": "write_inference", "path": "impact_prediction.json", "success": true, "detail": ""}
{"timestamp": "2026-03-07T22:07:50.433747+00:00", "agent": "Orchestrator", "action": "read_inference", "path": "cityblitz_priority_roadmap.json", "success": true, "detail": ""}
{"timestamp": "2026-03-07T22:07:50.435983+00:00", "agent": "Orchestrator", "action": "read_inference", "path": "cityblitz_priority_roadmap.json", "success": true, "detail": ""}
{"timestamp": "2026-03-07T22:07:50.437218+00:00", "agent": "Orchestrator", "action": "read_log", "path": "orchestrator_agent.log", "success": true, "detail": ""}
{"timestamp": "2026-03-07T22:07:50.438129+00:00", "agent": "Orchestrator", "action": "read_log", "path": "janitor_status.json", "success": true, "detail": ""}
{"timestamp": "2026-03-07T22:07:50.982535+00:00", "agent": "Orchestrator", "action": "read_log", "path": "data_access_audit.log", "success": true, "detail": ""}
{"timestamp": "2026-03-07T22:08:05.007662+00:00", "agent": "Janitor", "action": "list_raw", "path": "count=0", "success": true, "detail": ""}
{"timestamp": "2026-03-07T22:08:05.010119+00:00", "agent": "Analyst", "action": "write_inference", "path": "hotspot_analysis.json", "success": true, "detail": ""}
{"timestamp": "2026-03-07T22:08:05.010494+00:00", "agent": "Orchestrator", "action": "read_inference", "path": "hotspot_analysis.json", "success": true, "detail": ""}
{"timestamp": "2026-03-07T22:08:05.011328+00:00", "agent": "Observer", "action": "read_inference", "path": "hotspot_analysis.json", "success": true, "detail": ""}
{"timestamp": "2026-03-07T22:08:08.764217+00:00", "agent": "Observer", "action": "write_inference", "path": "final_vibe_check.json", "success": true, "detail": ""}
{"timestamp": "2026-03-07T22:08:08.765352+00:00", "agent": "Orchestrator", "action": "write_inference", "path": "cityblitz_priority_roadmap.json", "success": true, "detail": ""}
{"timestamp": "2026-03-07T22:08:08.766119+00:00", "agent": "Impact", "action": "read_inference", "path": "cityblitz_priority_roadmap.json", "success": true, "detail": ""}
{"timestamp": "2026-03-07T22:08:08.766688+00:00", "agent": "Impact", "action": "read_processed", "path": "911_Calls.csv", "success": true, "detail": ""}
{"timestamp": "2026-03-07T22:08:08.782702+00:00", "agent": "Impact", "action": "write_inference", "path": "impact_prediction.json", "success": true, "detail": ""}
{"timestamp": "2026-03-07T22:08:08.786349+00:00", "agent": "Orchestrator", "action": "read_inference", "path": "cityblitz_priority_roadmap.json", "success": true, "detail": ""}
{"timestamp": "2026-03-07T22:08:08.787987+00:00", "agent": "Orchestrator", "action": "read_inference", "path": "cityblitz_priority_roadmap.json", "success": true, "detail": ""}
{"timestamp": "2026-03-07T22:08:08.789062+00:00", "agent": "Orchestrator", "action": "read_log", "path": "orchestrator_agent.log", "success": true, "detail": ""}
{"timestamp": "2026-03-07T22:08:08.790006+00:00", "agent": "Orchestrator", "action": "read_log", "path": "janitor_status.json", "success": true, "detail": ""}
{"timestamp": "2026-03-07T22:08:08.826212+00:00", "agent": "Orchestrator", "action": "read_log", "path": "data_access_audit.log", "success": true, "detail": ""}
{"timestamp": "2026-03-07T22:16:20.491064+00:00", "agent": "Orchestrator", "action": "read_inference", "path": "cityblitz_priority_roadmap.json", "success": true, "detail": ""}
{"timestamp": "2026-03-07T22:16:20.491585+00:00", "agent": "Orchestrator", "action": "read_inference", "path": "impact_prediction.json", "success": true, "detail": ""}
{"timestamp": "2026-03-07T22:16:42.267193+00:00", "agent": "Orchestrator", "action": "read_inference", "path": "cityblitz_priority_roadmap.json", "success": true, "detail": ""}
{"timestamp": "2026-03-07T22:16:42.267785+00:00", "agent": "Orchestrator", "action": "read_inference", "path": "impact_prediction.json", "success": true, "detail": ""}
{"timestamp": "2026-03-07T22:17:37.356268+00:00", "agent": "Orchestrator", "action": "read_inference", "path": "cityblitz_priority_roadmap.json", "success": true, "detail": ""}
{"timestamp": "2026-03-07T22:17:37.357002+00:00", "agent": "Orchestrator", "action": "read_inference", "path": "impact_prediction.json", "success": true, "detail": ""}
{"timestamp": "2026-03-07T22:17:37.436598+00:00", "agent": "Orchestrator", "action": "read_inference", "path": "cityblitz_priority_roadmap.json", "success": true, "detail": ""}
{"timestamp": "2026-03-07T22:17:37.437881+00:00", "agent": "Orchestrator", "action": "read_inference", "path": "impact_prediction.json", "success": true, "detail": ""}
{"timestamp": "2026-03-07T22:17:37.440726+00:00", "agent": "Orchestrator", "action": "read_log", "path": "orchestrator_agent.log", "success": true, "detail": ""}
{"timestamp": "2026-03-07T22:17:37.442215+00:00", "agent": "Orchestrator", "action": "read_log", "path": "janitor_status.json", "success": true, "detail": ""}
{"timestamp": "2026-03-07T22:17:37.488663+00:00", "agent": "Orchestrator", "action": "read_log", "path": "data_access_audit.log", "success": true, "detail": ""}
{"timestamp": "2026-03-07T22:19:25.095296+00:00", "agent": "Orchestrator", "action": "read_inference", "path": "cityblitz_priority_roadmap.json", "success": true, "detail": ""}
{"timestamp": "2026-03-07T22:19:25.095757+00:00", "agent": "Orchestrator", "action": "read_inference", "path": "impact_prediction.json", "success": true, "detail": ""}
{"timestamp": "2026-03-07T22:19:25.140334+00:00", "agent": "Janitor", "action": "list_raw", "path": "count=0", "success": true, "detail": ""}
{"timestamp": "2026-03-07T22:19:25.143291+00:00", "agent": "Analyst", "action": "write_inference", "path": "hotspot_analysis.json", "success": true, "detail": ""}
{"timestamp": "2026-03-07T22:19:25.143699+00:00", "agent": "Orchestrator", "action": "read_inference", "path": "hotspot_analysis.json", "success": true, "detail": ""}
{"timestamp": "2026-03-07T22:19:25.144684+00:00", "agent": "Observer", "action": "read_inference", "path": "hotspot_analysis.json", "success": true, "detail": ""}
{"timestamp": "2026-03-07T22:19:29.230336+00:00", "agent": "Observer", "action": "write_inference", "path": "final_vibe_check.json", "success": true, "detail": ""}
{"timestamp": "2026-03-07T22:19:29.231449+00:00", "agent": "Orchestrator", "action": "write_inference", "path": "cityblitz_priority_roadmap.json", "success": true, "detail": ""}
{"timestamp": "2026-03-07T22:19:29.232111+00:00", "agent": "Impact", "action": "read_inference", "path": "cityblitz_priority_roadmap.json", "success": true, "detail": ""}
{"timestamp": "2026-03-07T22:19:29.232655+00:00", "agent": "Impact", "action": "read_processed", "path": "911_Calls.csv", "success": true, "detail": ""}
{"timestamp": "2026-03-07T22:19:29.249593+00:00", "agent": "Impact", "action": "write_inference", "path": "impact_prediction.json", "success": true, "detail": ""}
{"timestamp": "2026-03-07T22:19:29.253128+00:00", "agent": "Orchestrator", "action": "read_inference", "path": "cityblitz_priority_roadmap.json", "success": true, "detail": ""}
{"timestamp": "2026-03-07T22:19:29.254827+00:00", "agent": "Orchestrator", "action": "read_inference", "path": "impact_prediction.json", "success": true, "detail": ""}
{"timestamp": "2026-03-07T22:19:29.256988+00:00", "agent": "Orchestrator", "action": "read_log", "path": "orchestrator_agent.log", "success": true, "detail": ""}
{"timestamp": "2026-03-07T22:19:29.258176+00:00", "agent": "Orchestrator", "action": "read_log", "path": "janitor_status.json", "success": true, "detail": ""}
{"timestamp": "2026-03-07T22:19:29.298136+00:00", "agent": "Orchestrator", "action": "read_log", "path": "data_access_audit.log", "success": true, "detail": ""}
{"timestamp": "2026-03-07T22:22:48.060769+00:00", "agent": "Orchestrator", "action": "read_inference", "path": "cityblitz_priority_roadmap.json", "success": true, "detail": ""}
{"timestamp": "2026-03-07T22:22:48.061214+00:00", "agent": "Orchestrator", "action": "read_inference", "path": "impact_prediction.json", "success": true, "detail": ""}
{"timestamp": "2026-03-07T22:22:48.111272+00:00", "agent": "Orchestrator", "action": "read_inference", "path": "cityblitz_priority_roadmap.json", "success": true, "detail": ""}
{"timestamp": "2026-03-07T22:22:48.111970+00:00", "agent": "Orchestrator", "action": "read_inference", "path": "impact_prediction.json", "success": true, "detail": ""}
{"timestamp": "2026-03-07T22:22:48.114368+00:00", "agent": "Orchestrator", "action": "read_log", "path": "orchestrator_agent.log", "success": true, "detail": ""}
{"timestamp": "2026-03-07T22:22:48.115331+00:00", "agent": "Orchestrator", "action": "read_log", "path": "janitor_status.json", "success": true, "detail": ""}
{"timestamp": "2026-03-07T22:22:48.155549+00:00", "agent": "Orchestrator", "action": "read_log", "path": "data_access_audit.log", "success": true, "detail": ""}
{"timestamp": "2026-03-07T22:22:52.045762+00:00", "agent": "Orchestrator", "action": "read_inference", "path": "cityblitz_priority_roadmap.json", "success": true, "detail": ""}
{"timestamp": "2026-03-07T22:22:52.046334+00:00", "agent": "Orchestrator", "action": "read_inference", "path": "impact_prediction.json", "success": true, "detail": ""}
{"timestamp": "2026-03-07T22:22:52.093288+00:00", "agent": "Janitor", "action": "list_raw", "path": "count=0", "success": true, "detail": ""}
{"timestamp": "2026-03-07T22:22:52.095623+00:00", "agent": "Analyst", "action": "write_inference", "path": "hotspot_analysis.json", "success": true, "detail": ""}
{"timestamp": "2026-03-07T22:22:52.096029+00:00", "agent": "Orchestrator", "action": "read_inference", "path": "hotspot_analysis.json", "success": true, "detail": ""}
{"timestamp": "2026-03-07T22:22:52.096960+00:00", "agent": "Observer", "action": "read_inference", "path": "hotspot_analysis.json", "success": true, "detail": ""}
{"timestamp": "2026-03-07T22:22:55.876798+00:00", "agent": "Observer", "action": "write_inference", "path": "final_vibe_check.json", "success": true, "detail": ""}
{"timestamp": "2026-03-07T22:22:55.878333+00:00", "agent": "Orchestrator", "action": "write_inference", "path": "cityblitz_priority_roadmap.json", "success": true, "detail": ""}
{"timestamp": "2026-03-07T22:22:55.879128+00:00", "agent": "Impact", "action": "read_inference", "path": "cityblitz_priority_roadmap.json", "success": true, "detail": ""}
{"timestamp": "2026-03-07T22:22:55.879694+00:00", "agent": "Impact", "action": "read_processed", "path": "911_Calls.csv", "success": true, "detail": ""}
{"timestamp": "2026-03-07T22:22:55.894965+00:00", "agent": "Impact", "action": "write_inference", "path": "impact_prediction.json", "success": true, "detail": ""}
{"timestamp": "2026-03-07T22:22:55.898818+00:00", "agent": "Orchestrator", "action": "read_inference", "path": "cityblitz_priority_roadmap.json", "success": true, "detail": ""}
{"timestamp": "2026-03-07T22:22:55.899733+00:00", "agent": "Orchestrator", "action": "read_inference", "path": "impact_prediction.json", "success": true, "detail": ""}
{"timestamp": "2026-03-07T22:22:55.901075+00:00", "agent": "Orchestrator", "action": "read_log", "path": "orchestrator_agent.log", "success": true, "detail": ""}
{"timestamp": "2026-03-07T22:22:55.902156+00:00", "agent": "Orchestrator", "action": "read_log", "path": "janitor_status.json", "success": true, "detail": ""}
{"timestamp": "2026-03-07T22:22:55.939430+00:00", "agent": "Orchestrator", "action": "read_log", "path": "data_access_audit.log", "success": true, "detail": ""}
{"timestamp": "2026-03-07T22:41:45.128791+00:00", "agent": "Orchestrator", "action": "read_inference", "path": "cityblitz_priority_roadmap.json", "success": true, "detail": ""}
{"timestamp": "2026-03-07T22:41:45.129339+00:00", "agent": "Orchestrator", "action": "read_inference", "path": "impact_prediction.json", "success": true, "detail": ""}
{"timestamp": "2026-03-07T22:41:45.203387+00:00", "agent": "Orchestrator", "action": "read_log", "path": "orchestrator_agent.log", "success": true, "detail": ""}
{"timestamp": "2026-03-07T22:41:45.210003+00:00", "agent": "Orchestrator", "action": "read_inference", "path": "cityblitz_priority_roadmap.json", "success": true, "detail": ""}
{"timestamp": "2026-03-07T22:41:45.211072+00:00", "agent": "Orchestrator", "action": "read_inference", "path": "impact_prediction.json", "success": true, "detail": ""}
{"timestamp": "2026-03-07T22:41:45.212989+00:00", "agent": "Orchestrator", "action": "read_log", "path": "orchestrator_agent.log", "success": true, "detail": ""}
{"timestamp": "2026-03-07T22:41:45.214025+00:00", "agent": "Orchestrator", "action": "read_log", "path": "janitor_status.json", "success": true, "detail": ""}
{"timestamp": "2026-03-07T22:41:45.258608+00:00", "agent": "Orchestrator", "action": "read_log", "path": "data_access_audit.log", "success": true, "detail": ""}
{"timestamp": "2026-03-07T22:41:51.943548+00:00", "agent": "Orchestrator", "action": "read_inference", "path": "cityblitz_priority_roadmap.json", "success": true, "detail": ""}
{"timestamp": "2026-03-07T22:41:51.943965+00:00", "agent": "Orchestrator", "action": "read_inference", "path": "impact_prediction.json", "success": true, "detail": ""}
{"timestamp": "2026-03-07T22:41:51.987022+00:00", "agent": "Orchestrator", "action": "read_log", "path": "orchestrator_agent.log", "success": true, "detail": ""}
{"timestamp": "2026-03-07T22:41:51.992972+00:00", "agent": "Janitor", "action": "list_raw", "path": "count=0", "success": true, "detail": ""}
{"timestamp": "2026-03-07T22:41:51.995802+00:00", "agent": "Analyst", "action": "write_inference", "path": "hotspot_analysis.json", "success": true, "detail": ""}
{"timestamp": "2026-03-07T22:41:51.996338+00:00", "agent": "Orchestrator", "action": "read_inference", "path": "hotspot_analysis.json", "success": true, "detail": ""}
{"timestamp": "2026-03-07T22:41:51.997721+00:00", "agent": "Observer", "action": "read_inference", "path": "hotspot_analysis.json", "success": true, "detail": ""}
{"timestamp": "2026-03-07T22:41:53.321662+00:00", "agent": "Orchestrator", "action": "read_inference", "path": "cityblitz_priority_roadmap.json", "success": true, "detail": ""}
{"timestamp": "2026-03-07T22:41:53.322199+00:00", "agent": "Orchestrator", "action": "read_inference", "path": "impact_prediction.json", "success": true, "detail": ""}
{"timestamp": "2026-03-07T22:41:53.365234+00:00", "agent": "Orchestrator", "action": "read_log", "path": "orchestrator_agent.log", "success": true, "detail": ""}
{"timestamp": "2026-03-07T22:41:53.372076+00:00", "agent": "Janitor", "action": "list_raw", "path": "count=0", "success": true, "detail": ""}
{"timestamp": "2026-03-07T22:41:53.374423+00:00", "agent": "Analyst", "action": "write_inference", "path": "hotspot_analysis.json", "success": true, "detail": ""}
{"timestamp": "2026-03-07T22:41:53.374791+00:00", "agent": "Orchestrator", "action": "read_inference", "path": "hotspot_analysis.json", "success": true, "detail": ""}
{"timestamp": "2026-03-07T22:41:53.375785+00:00", "agent": "Observer", "action": "read_inference", "path": "hotspot_analysis.json", "success": true, "detail": ""}
{"timestamp": "2026-03-07T22:41:56.005976+00:00", "agent": "Observer", "action": "write_inference", "path": "final_vibe_check.json", "success": true, "detail": ""}
{"timestamp": "2026-03-07T22:41:56.007042+00:00", "agent": "Orchestrator", "action": "write_inference", "path": "cityblitz_priority_roadmap.json", "success": true, "detail": ""}
{"timestamp": "2026-03-07T22:41:56.009357+00:00", "agent": "Impact", "action": "read_inference", "path": "cityblitz_priority_roadmap.json", "success": true, "detail": ""}
{"timestamp": "2026-03-07T22:41:56.009963+00:00", "agent": "Impact", "action": "read_processed", "path": "911_Calls.csv", "success": true, "detail": ""}
{"timestamp": "2026-03-07T22:41:56.026842+00:00", "agent": "Impact", "action": "write_inference", "path": "impact_prediction.json", "success": true, "detail": ""}
{"timestamp": "2026-03-07T22:41:57.235064+00:00", "agent": "Observer", "action": "write_inference", "path": "final_vibe_check.json", "success": true, "detail": ""}
{"timestamp": "2026-03-07T22:41:57.236192+00:00", "agent": "Orchestrator", "action": "write_inference", "path": "cityblitz_priority_roadmap.json", "success": true, "detail": ""}
{"timestamp": "2026-03-07T22:41:57.236844+00:00", "agent": "Impact", "action": "read_inference", "path": "cityblitz_priority_roadmap.json", "success": true, "detail": ""}
{"timestamp": "2026-03-07T22:41:57.237394+00:00", "agent": "Impact", "action": "read_processed", "path": "911_Calls.csv", "success": true, "detail": ""}
{"timestamp": "2026-03-07T22:41:57.250639+00:00", "agent": "Impact", "action": "write_inference", "path": "impact_prediction.json", "success": true, "detail": ""}
{"timestamp": "2026-03-07T22:41:57.254456+00:00", "agent": "Orchestrator", "action": "read_inference", "path": "cityblitz_priority_roadmap.json", "success": true, "detail": ""}
{"timestamp": "2026-03-07T22:41:57.255345+00:00", "agent": "Orchestrator", "action": "read_inference", "path": "impact_prediction.json", "success": true, "detail": ""}
{"timestamp": "2026-03-07T22:41:57.256814+00:00", "agent": "Orchestrator", "action": "read_log", "path": "orchestrator_agent.log", "success": true, "detail": ""}
{"timestamp": "2026-03-07T22:41:57.257897+00:00", "agent": "Orchestrator", "action": "read_log", "path": "janitor_status.json", "success": true, "detail": ""}
{"timestamp": "2026-03-07T22:41:57.329221+00:00", "agent": "Orchestrator", "action": "read_log", "path": "data_access_audit.log", "success": true, "detail": ""}
{"timestamp": "2026-03-08T00:20:05.714099+00:00", "agent": "Janitor", "action": "list_raw", "path": "count=0", "success": true, "detail": ""}
{"timestamp": "2026-03-08T00:20:05.715233+00:00", "agent": "Analyst", "action": "write_inference", "path": "hotspot_analysis.json", "success": true, "detail": ""}
{"timestamp": "2026-03-08T00:20:05.715408+00:00", "agent": "Orchestrator", "action": "read_inference", "path": "hotspot_analysis.json", "success": true, "detail": ""}
{"timestamp": "2026-03-08T00:20:05.715781+00:00", "agent": "Observer", "action": "read_inference", "path": "hotspot_analysis.json", "success": true, "detail": ""}
{"timestamp": "2026-03-08T00:20:08.914708+00:00", "agent": "Observer", "action": "write_inference", "path": "final_vibe_check.json", "success": true, "detail": ""}
{"timestamp": "2026-03-08T00:20:08.915521+00:00", "agent": "Orchestrator", "action": "write_inference", "path": "cityblitz_priority_roadmap.json", "success": true, "detail": ""}
{"timestamp": "2026-03-08T00:20:08.915978+00:00", "agent": "Impact", "action": "read_inference", "path": "cityblitz_priority_roadmap.json", "success": true, "detail": ""}
{"timestamp": "2026-03-08T00:20:08.916349+00:00", "agent": "Impact", "action": "read_processed", "path": "911_Calls.csv", "success": true, "detail": ""}
{"timestamp": "2026-03-08T00:20:08.929577+00:00", "agent": "Impact", "action": "write_inference", "path": "impact_prediction.json", "success": true, "detail": ""}
{"timestamp": "2026-03-08T00:20:08.930044+00:00", "agent": "Orchestrator", "action": "write_inference", "path": "cityblitz_priority_roadmap.json", "success": true, "detail": ""}
{"timestamp": "2026-03-08T00:20:08.930262+00:00", "agent": "Orchestrator", "action": "read_inference", "path": "cityblitz_priority_roadmap.json", "success": true, "detail": ""}
{"timestamp": "2026-03-08T00:24:37.985974+00:00", "agent": "Orchestrator", "action": "read_inference", "path": "cityblitz_priority_roadmap.json", "success": true, "detail": ""}
{"timestamp": "2026-03-08T00:24:37.986192+00:00", "agent": "Orchestrator", "action": "read_inference", "path": "impact_prediction.json", "success": true, "detail": ""}
{"timestamp": "2026-03-08T00:24:37.989227+00:00", "agent": "Orchestrator", "action": "read_log", "path": "orchestrator_agent.log", "success": true, "detail": ""}
{"timestamp": "2026-03-08T00:24:37.989941+00:00", "agent": "Orchestrator", "action": "read_log", "path": "janitor_status.json", "success": true, "detail": ""}
{"timestamp": "2026-03-08T00:24:38.037867+00:00", "agent": "Orchestrator", "action": "read_log", "path": "orchestrator_agent.log", "success": true, "detail": ""}
{"timestamp": "2026-03-08T00:24:38.039163+00:00", "agent": "Orchestrator", "action": "read_log", "path": "janitor_status.json", "success": true, "detail": ""}
{"timestamp": "2026-03-08T00:24:38.064450+00:00", "agent": "Orchestrator", "action": "read_log", "path": "data_access_audit.log", "success": true, "detail": ""}
{"timestamp": "2026-03-08T00:24:43.926512+00:00", "agent": "Orchestrator", "action": "read_inference", "path": "cityblitz_priority_roadmap.json", "success": true, "detail": ""}
{"timestamp": "2026-03-08T00:24:43.926795+00:00", "agent": "Orchestrator", "action": "read_inference", "path": "impact_prediction.json", "success": true, "detail": ""}
{"timestamp": "2026-03-08T00:24:43.928874+00:00", "agent": "Janitor", "action": "list_raw", "path": "count=0", "success": true, "detail": ""}
{"timestamp": "2026-03-08T00:24:43.930386+00:00", "agent": "Analyst", "action": "write_inference", "path": "hotspot_analysis.json", "success": true, "detail": ""}
{"timestamp": "2026-03-08T00:24:43.930614+00:00", "agent": "Orchestrator", "action": "read_inference", "path": "hotspot_analysis.json", "success": true, "detail": ""}
{"timestamp": "2026-03-08T00:24:43.931118+00:00", "agent": "Observer", "action": "read_inference", "path": "hotspot_analysis.json", "success": true, "detail": ""}
{"timestamp": "2026-03-08T00:24:46.226001+00:00", "agent": "Observer", "action": "write_inference", "path": "final_vibe_check.json", "success": true, "detail": ""}
{"timestamp": "2026-03-08T00:24:46.226695+00:00", "agent": "Orchestrator", "action": "write_inference", "path": "cityblitz_priority_roadmap.json", "success": true, "detail": ""}
{"timestamp": "2026-03-08T00:24:46.227096+00:00", "agent": "Impact", "action": "read_inference", "path": "cityblitz_priority_roadmap.json", "success": true, "detail": ""}
{"timestamp": "2026-03-08T00:24:46.227455+00:00", "agent": "Impact", "action": "read_processed", "path": "911_Calls.csv", "success": true, "detail": ""}
{"timestamp": "2026-03-08T00:24:46.239977+00:00", "agent": "Impact", "action": "write_inference", "path": "impact_prediction.json", "success": true, "detail": ""}
{"timestamp": "2026-03-08T00:24:46.240467+00:00", "agent": "Orchestrator", "action": "write_inference", "path": "cityblitz_priority_roadmap.json", "success": true, "detail": ""}
{"timestamp": "2026-03-08T00:24:46.240678+00:00", "agent": "Orchestrator", "action": "read_inference", "path": "cityblitz_priority_roadmap.json", "success": true, "detail": ""}
{"timestamp": "2026-03-08T00:24:46.241500+00:00", "agent": "Orchestrator", "action": "read_inference", "path": "cityblitz_priority_roadmap.json", "success": true, "detail": ""}
{"timestamp": "2026-03-08T00:24:46.241665+00:00", "agent": "Orchestrator", "action": "read_inference", "path": "impact_prediction.json", "success": true, "detail": ""}
{"timestamp": "2026-03-08T00:24:46.243331+00:00", "agent": "Orchestrator", "action": "read_log", "path": "orchestrator_agent.log", "success": true, "detail": ""}
{"timestamp": "2026-03-08T00:24:46.243999+00:00", "agent": "Orchestrator", "action": "read_log", "path": "janitor_status.json", "success": true, "detail": ""}
{"timestamp": "2026-03-08T00:24:46.266061+00:00", "agent": "Orchestrator", "action": "read_log", "path": "orchestrator_agent.log", "success": true, "detail": ""}
{"timestamp": "2026-03-08T00:24:46.267038+00:00", "agent": "Orchestrator", "action": "read_log", "path": "janitor_status.json", "success": true, "detail": ""}
{"timestamp": "2026-03-08T00:24:46.285410+00:00", "agent": "Orchestrator", "action": "read_log", "path": "data_access_audit.log", "success": true, "detail": ""}
{"timestamp": "2026-03-08T00:24:47.694295+00:00", "agent": "Orchestrator", "action": "read_inference", "path": "cityblitz_priority_roadmap.json", "success": true, "detail": ""}
{"timestamp": "2026-03-08T00:24:47.694652+00:00", "agent": "Orchestrator", "action": "read_inference", "path": "impact_prediction.json", "success": true, "detail": ""}
{"timestamp": "2026-03-08T00:24:53.661468+00:00", "agent": "Orchestrator", "action": "fetch_external_data", "path": "external/csv", "success": true, "detail": "https://opendata.montgomeryal.gov/api/download/v1/items/b7652ce3ea90453cb90b000ddd24f21c/csv?layers=0"}
{"timestamp": "2026-03-08T00:24:57.934433+00:00", "agent": "Orchestrator", "action": "fetch_external_data", "path": "external/geojson", "success": true, "detail": "https://opendata.montgomeryal.gov/api/download/v1/items/b7652ce3ea90453cb90b000ddd24f21c/geojson?layers=0"}
{"timestamp": "2026-03-08T00:25:02.618064+00:00", "agent": "Orchestrator", "action": "fetch_external_data", "path": "external/csv", "success": true, "detail": "https://opendata.montgomeryal.gov/api/download/v1/items/d0c6eccf4b7748f19248a0adec2895fd/csv?layers=0"}
{"timestamp": "2026-03-08T00:25:06.778629+00:00", "agent": "Orchestrator", "action": "fetch_external_data", "path": "external/geojson", "success": true, "detail": "https://opendata.montgomeryal.gov/api/download/v1/items/d0c6eccf4b7748f19248a0adec2895fd/geojson?layers=0"}
{"timestamp": "2026-03-08T00:25:09.090925+00:00", "agent": "Orchestrator", "action": "fetch_external_data", "path": "external/csv", "success": true, "detail": "https://opendata.montgomeryal.gov/api/download/v1/items/3b6888b911174bd28c746c737b4006ac/csv?layers=3"}
{"timestamp": "2026-03-08T00:25:10.928089+00:00", "agent": "Orchestrator", "action": "fetch_external_data", "path": "external/geojson", "success": true, "detail": "https://opendata.montgomeryal.gov/api/download/v1/items/3b6888b911174bd28c746c737b4006ac/geojson?layers=3"}
{"timestamp": "2026-03-08T00:25:13.313244+00:00", "agent": "Orchestrator", "action": "fetch_external_data", "path": "external/csv", "success": true, "detail": "https://opendata.montgomeryal.gov/api/download/v1/items/e9c926feae0444cc88d83a378e7526b9/csv?layers=0"}
{"timestamp": "2026-03-08T00:25:15.105477+00:00", "agent": "Orchestrator", "action": "fetch_external_data", "path": "external/geojson", "success": true, "detail": "https://opendata.montgomeryal.gov/api/download/v1/items/e9c926feae0444cc88d83a378e7526b9/geojson?layers=0"}
{"timestamp": "2026-03-08T00:25:17.382413+00:00", "agent": "Orchestrator", "action": "fetch_external_data", "path": "external/csv", "success": true, "detail": "https://opendata.montgomeryal.gov/api/download/v1/items/869437149b0a4b93ab2dd0d1465c48d1/csv?layers=0"}
{"timestamp": "2026-03-08T00:25:18.956223+00:00", "agent": "Orchestrator", "action": "fetch_external_data", "path": "external/geojson", "success": true, "detail": "https://opendata.montgomeryal.gov/api/download/v1/items/869437149b0a4b93ab2dd0d1465c48d1/geojson?layers=0"}
{"timestamp": "2026-03-08T00:25:18.961555+00:00", "agent": "Orchestrator", "action": "read_log", "path": "orchestrator_agent.log", "success": true, "detail": ""}
{"timestamp": "2026-03-08T00:25:18.962682+00:00", "agent": "Orchestrator", "action": "read_log", "path": "janitor_status.json", "success": true, "detail": ""}
{"timestamp": "2026-03-08T00:25:18.985073+00:00", "agent": "Orchestrator", "action": "read_log", "path": "orchestrator_agent.log", "success": true, "detail": ""}
{"timestamp": "2026-03-08T00:25:18.985724+00:00", "agent": "Orchestrator", "action": "read_log", "path": "janitor_status.json", "success": true, "detail": ""}
{"timestamp": "2026-03-08T00:25:19.002854+00:00", "agent": "Orchestrator", "action": "read_log", "path": "data_access_audit.log", "success": true, "detail": ""}
{"timestamp": "2026-03-08T00:49:58.324336+00:00", "agent": "Janitor", "action": "list_raw", "path": "count=0 (empty)", "success": true, "detail": ""}
{"timestamp": "2026-03-08T00:49:58.325485+00:00", "agent": "Analyst", "action": "write_inference", "path": "hotspot_analysis.json", "success": true, "detail": ""}
{"timestamp": "2026-03-08T00:49:58.325691+00:00", "agent": "Orchestrator", "action": "read_inference", "path": "hotspot_analysis.json", "success": true, "detail": ""}
{"timestamp": "2026-03-08T00:49:58.326102+00:00", "agent": "Observer", "action": "read_inference", "path": "hotspot_analysis.json", "success": true, "detail": ""}
